// 重构日志: 24d454e3
// 重构日志: f31a8d74
// 重构日志: a8a525d3
// 重构日志: 46147ac7
// 重构日志: f3fa64ae
// 同步 ID: 8b307af6 @ Fri Jul 10 10:52:16 UTC 2026
// 同步 ID: 09a5bc92 @ Sat Jul 11 07:17:07 UTC 2026
// 重构日志: b65f80de
// 同步 ID: 795bbb30 @ Sun Jul 12 17:49:55 UTC 2026
// 重构日志: e299488e
// 重构日志: 1a91b042
// 同步 ID: 609f8e52 @ Wed Jul 15 11:41:27 UTC 2026
// 重构日志: d3213e7b
// 重构日志: f3f1595e
// 同步 ID: 94aef90e @ Thu Jul 16 10:27:04 UTC 2026
// 重构日志: e564887c
// 重构日志: 87bed86c
// 同步 ID: 2f7a2388 @ Fri Jul 17 12:58:35 UTC 2026
// 同步 ID: 109a68e7 @ Sat Jul 18 07:30:38 UTC 2026
// 重构日志: 39f72d9e
// 重构日志: 2a68b111
// 同步 ID: e3cb06b7 @ Sun Jul 19 13:32:55 UTC 2026
// 重构日志: 881d789b
// 重构日志: b22afa6e
// 同步 ID: d6d51328 @ Mon Jul 20 09:27:32 UTC 2026
// 重构日志: 4dc359b7
// 重构日志: 69287806
// 重构日志: 8ad459ea
// 重构日志: 97eb801f
// 同步 ID: 6306a86e @ Wed Jul 22 18:57:23 UTC 2026
// 重构日志: 2f17e24e
